Using pre-set license
Built from '2020.2/release' branch; Version is '2020.2.1f1 (270dd8c3da1c) revision 2559448'; Using compiler version '192528614'; Build Type 'Release'
OS: 'Windows 10  (10.0.0) 64bit' Language: 'en' Physical Memory: 16324 MB
BatchMode: 1, IsHumanControllingUs: 0, StartBugReporterOnCrash: 0, Is64bit: 1, IsPro: 0

 COMMAND LINE ARGUMENTS:
C:\Program Files\Unity\Hub\Editor\2020.2.1f1\Editor\Unity.exe
-adb2
-batchMode
-noUpm
-name
AssetImportWorker0
-projectPath
E:/Concordia Winter 2021/Class 2 Unity&Git/Cart315_winter2021/Class 3 Tutorial/New Unity Project
-logFile
Logs/AssetImportWorker0.log
-srvPort
65044
Successfully changed project path to: E:/Concordia Winter 2021/Class 2 Unity&Git/Cart315_winter2021/Class 3 Tutorial/New Unity Project
E:/Concordia Winter 2021/Class 2 Unity&Git/Cart315_winter2021/Class 3 Tutorial/New Unity Project
Using Asset Import Pipeline V2.
Refreshing native plugins compatible for Editor in 32.57 ms, found 0 plugins.
Preloading 0 native plugins for Editor in 0.00 ms.
Initialize engine version: 2020.2.1f1 (270dd8c3da1c)
[Subsystems] Discovering subsystems at path C:/Program Files/Unity/Hub/Editor/2020.2.1f1/Editor/Data/Resources/UnitySubsystems
[Subsystems] Discovering subsystems at path E:/Concordia Winter 2021/Class 2 Unity&Git/Cart315_winter2021/Class 3 Tutorial/New Unity Project/Assets
GfxDevice: creating device client; threaded=0
Direct3D:
    Version:  Direct3D 11.0 [level 11.1]
    Renderer: NVIDIA GeForce GTX 970 (ID=0x13c2)
    Vendor:   
    VRAM:     4043 MB
    Driver:   27.21.14.5671
Initialize mono
Mono path[0] = 'C:/Program Files/Unity/Hub/Editor/2020.2.1f1/Editor/Data/Managed'
Mono path[1] = 'C:/Program Files/Unity/Hub/Editor/2020.2.1f1/Editor/Data/MonoBleedingEdge/lib/mono/unityjit'
Mono config path = 'C:/Program Files/Unity/Hub/Editor/2020.2.1f1/Editor/Data/MonoBleedingEdge/etc'
Using monoOptions --debugger-agent=transport=dt_socket,embedding=1,server=y,suspend=n,address=127.0.0.1:56168
Begin MonoManager ReloadAssembly
Registering precompiled unity dll's ...
Register platform support module: C:/Program Files/Unity/Hub/Editor/2020.2.1f1/Editor/Data/PlaybackEngines/MacStandaloneSupport/UnityEditor.OSXStandalone.Extensions.dll
Register platform support module: C:/Program Files/Unity/Hub/Editor/2020.2.1f1/Editor/Data/PlaybackEngines/WindowsStandaloneSupport/UnityEditor.WindowsStandalone.Extensions.dll
Registered in 0.002458 seconds.
Native extension for WindowsStandalone target not found
Native extension for OSXStandalone target not found
Refreshing native plugins compatible for Editor in 25.72 ms, found 0 plugins.
Preloading 0 native plugins for Editor in 0.00 ms.
Invoked RoslynAnalysisRunner static constructor.
RoslynAnalysisRunner will not be running.
RoslynAnalysisRunner has terminated.
Mono: successfully reloaded assembly
- Completed reload, in  1.025 seconds
Platform modules already initialized, skipping
Registering precompiled user dll's ...
Registered in 0.000605 seconds.
Begin MonoManager ReloadAssembly
Native extension for WindowsStandalone target not found
Native extension for OSXStandalone target not found
Refreshing native plugins compatible for Editor in 0.32 ms, found 0 plugins.
Preloading 0 native plugins for Editor in 0.00 ms.
Invoked RoslynAnalysisRunner static constructor.
RoslynAnalysisRunner will not be running.
RoslynAnalysisRunner has terminated.
Mono: successfully reloaded assembly
- Completed reload, in  0.785 seconds
Platform modules already initialized, skipping
========================================================================
Worker process is ready to serve import requests
Launched and connected shader compiler UnityShaderCompiler.exe after 0.06 seconds
Refreshing native plugins compatible for Editor in 0.27 ms, found 0 plugins.
Preloading 0 native plugins for Editor in 0.00 ms.
Unloading 1205 Unused Serialized files (Serialized files now loaded: 0)
System memory in use before: 67.8 MB.
System memory in use after: 67.6 MB.

Unloading 10 unused Assets to reduce memory usage. Loaded Objects now: 1654.
Total: 2.034800 ms (FindLiveObjects: 0.379000 ms CreateObjectMapping: 0.098100 ms MarkObjects: 1.302200 ms  DeleteObjects: 0.253700 ms)

========================================================================
Received Import Request.
  path: Assets/Standard Assets/Vehicles/Car/Models/SkyCar.fbx
  artifactKey: Guid(e6fec471c20b9d148b1f87910e67bea4) Importer(815301076,1909f56bfc062723c751e8b465ee728b)
Start importing Assets/Standard Assets/Vehicles/Car/Models/SkyCar.fbx using Guid(e6fec471c20b9d148b1f87910e67bea4) Importer(815301076,1909f56bfc062723c751e8b465ee728b)  -> (artifact id: '378321d221533a74bbaa90daf0642e46') in 0.940458 seconds
  Import took 0.942957 seconds .

========================================================================
Received Import Request.
  Time since last request: 18.787035 seconds.
  path: Assets/Mat1.mat
  artifactKey: Guid(660789de10854d3419e7384d341b9359) Importer(815301076,1909f56bfc062723c751e8b465ee728b)
Start importing Assets/Mat1.mat using Guid(660789de10854d3419e7384d341b9359) Importer(815301076,1909f56bfc062723c751e8b465ee728b)  -> (artifact id: 'c1a4595b0e4617707949f5396c75dd03') in 0.120369 seconds
  Import took 0.122656 seconds .

========================================================================
Received Import Request.
  Time since last request: 0.540110 seconds.
  path: Assets
  artifactKey: Guid(00000000000000001000000000000000) Importer(815301076,1909f56bfc062723c751e8b465ee728b)
Start importing Assets using Guid(00000000000000001000000000000000) Importer(815301076,1909f56bfc062723c751e8b465ee728b)  -> (artifact id: 'e1a2c4dac9df7c17871e19a3b74f0e9f') in 0.001438 seconds
  Import took 0.003388 seconds .

========================================================================
Received Import Request.
  Time since last request: 18.644695 seconds.
  path: Assets/ballCollision.cs
  artifactKey: Guid(d4a64710895b5b94db85f84c618a0d46) Importer(815301076,1909f56bfc062723c751e8b465ee728b)
Start importing Assets/ballCollision.cs using Guid(d4a64710895b5b94db85f84c618a0d46) Importer(815301076,1909f56bfc062723c751e8b465ee728b)  -> (artifact id: '55bf560f60b8d41195b0915734159ad1') in 0.010458 seconds
  Import took 0.013114 seconds .

========================================================================
Received Prepare
Registering precompiled user dll's ...
Registered in 0.000608 seconds.
Begin MonoManager ReloadAssembly
Native extension for WindowsStandalone target not found
Native extension for OSXStandalone target not found
Refreshing native plugins compatible for Editor in 0.24 ms, found 0 plugins.
Preloading 0 native plugins for Editor in 0.00 ms.
Invoked RoslynAnalysisRunner static constructor.
RoslynAnalysisRunner will not be running.
RoslynAnalysisRunner has terminated.
Mono: successfully reloaded assembly
- Completed reload, in  0.693 seconds
Platform modules already initialized, skipping
Refreshing native plugins compatible for Editor in 0.25 ms, found 0 plugins.
Preloading 0 native plugins for Editor in 0.00 ms.
Unloading 1181 Unused Serialized files (Serialized files now loaded: 0)
System memory in use before: 70.3 MB.
System memory in use after: 70.1 MB.

Unloading 5 unused Assets to reduce memory usage. Loaded Objects now: 1700.
Total: 1.926600 ms (FindLiveObjects: 0.147100 ms CreateObjectMapping: 0.029100 ms MarkObjects: 1.503800 ms  DeleteObjects: 0.245300 ms)

========================================================================
Received Import Request.
  Time since last request: 57.398839 seconds.
  path: Assets/BasicScript.cs
  artifactKey: Guid(5a742c4bc1abb0c4691e32e6f37970fe) Importer(815301076,1909f56bfc062723c751e8b465ee728b)
Start importing Assets/BasicScript.cs using Guid(5a742c4bc1abb0c4691e32e6f37970fe) Importer(815301076,1909f56bfc062723c751e8b465ee728b)  -> (artifact id: '3e882287229f9338ef4d98a4090c00c6') in 0.004421 seconds
  Import took 0.006577 seconds .

========================================================================
Received Prepare
Registering precompiled user dll's ...
Registered in 0.000665 seconds.
Begin MonoManager ReloadAssembly
Native extension for WindowsStandalone target not found
Native extension for OSXStandalone target not found
Refreshing native plugins compatible for Editor in 0.25 ms, found 0 plugins.
Preloading 0 native plugins for Editor in 0.00 ms.
Invoked RoslynAnalysisRunner static constructor.
RoslynAnalysisRunner will not be running.
RoslynAnalysisRunner has terminated.
Mono: successfully reloaded assembly
- Completed reload, in  0.691 seconds
Platform modules already initialized, skipping
Refreshing native plugins compatible for Editor in 0.26 ms, found 0 plugins.
Preloading 0 native plugins for Editor in 0.00 ms.
Unloading 1180 Unused Serialized files (Serialized files now loaded: 0)
System memory in use before: 70.8 MB.
System memory in use after: 70.6 MB.

Unloading 5 unused Assets to reduce memory usage. Loaded Objects now: 1702.
Total: 2.018700 ms (FindLiveObjects: 0.155200 ms CreateObjectMapping: 0.035600 ms MarkObjects: 1.533800 ms  DeleteObjects: 0.293100 ms)

========================================================================
Received Prepare
Registering precompiled user dll's ...
Registered in 0.000646 seconds.
Begin MonoManager ReloadAssembly
Native extension for WindowsStandalone target not found
Native extension for OSXStandalone target not found
Refreshing native plugins compatible for Editor in 0.24 ms, found 0 plugins.
Preloading 0 native plugins for Editor in 0.00 ms.
Invoked RoslynAnalysisRunner static constructor.
RoslynAnalysisRunner will not be running.
RoslynAnalysisRunner has terminated.
Mono: successfully reloaded assembly
- Completed reload, in  0.700 seconds
Platform modules already initialized, skipping
Refreshing native plugins compatible for Editor in 0.28 ms, found 0 plugins.
Preloading 0 native plugins for Editor in 0.00 ms.
Unloading 1181 Unused Serialized files (Serialized files now loaded: 0)
System memory in use before: 71.3 MB.
System memory in use after: 71.1 MB.

Unloading 5 unused Assets to reduce memory usage. Loaded Objects now: 1704.
Total: 1.696300 ms (FindLiveObjects: 0.149900 ms CreateObjectMapping: 0.040700 ms MarkObjects: 1.235700 ms  DeleteObjects: 0.268300 ms)

========================================================================
Received Prepare
Registering precompiled user dll's ...
Registered in 0.000834 seconds.
Begin MonoManager ReloadAssembly
Native extension for WindowsStandalone target not found
Native extension for OSXStandalone target not found
Refreshing native plugins compatible for Editor in 0.24 ms, found 0 plugins.
Preloading 0 native plugins for Editor in 0.00 ms.
Invoked RoslynAnalysisRunner static constructor.
RoslynAnalysisRunner will not be running.
RoslynAnalysisRunner has terminated.
Mono: successfully reloaded assembly
- Completed reload, in  0.699 seconds
Platform modules already initialized, skipping
Refreshing native plugins compatible for Editor in 0.25 ms, found 0 plugins.
Preloading 0 native plugins for Editor in 0.00 ms.
Unloading 1181 Unused Serialized files (Serialized files now loaded: 0)
System memory in use before: 70.9 MB.
System memory in use after: 70.7 MB.

Unloading 5 unused Assets to reduce memory usage. Loaded Objects now: 1706.
Total: 2.632200 ms (FindLiveObjects: 0.215200 ms CreateObjectMapping: 0.092400 ms MarkObjects: 1.893200 ms  DeleteObjects: 0.430100 ms)

========================================================================
Received Import Request.
  Time since last request: 560.058022 seconds.
  path: Assets/Standard Assets
  artifactKey: Guid(c6195a43a0187a34e9c6be23520d3766) Importer(815301076,1909f56bfc062723c751e8b465ee728b)
Start importing Assets/Standard Assets using Guid(c6195a43a0187a34e9c6be23520d3766) Importer(815301076,1909f56bfc062723c751e8b465ee728b)  -> (artifact id: 'b63eb57b7c163819542c5c9c9d47f991') in 0.005931 seconds
  Import took 0.007979 seconds .

========================================================================
Received Import Request.
  Time since last request: 7.072223 seconds.
  path: Assets/Standard Assets/Characters
  artifactKey: Guid(8c32f58513a41ef4dab9cb7704c5fb92) Importer(815301076,1909f56bfc062723c751e8b465ee728b)
Start importing Assets/Standard Assets/Characters using Guid(8c32f58513a41ef4dab9cb7704c5fb92) Importer(815301076,1909f56bfc062723c751e8b465ee728b)  -> (artifact id: 'ab9947ee5217043d3152db6fa9ef5f2f') in 0.002178 seconds
  Import took 0.004515 seconds .

========================================================================
Received Import Request.
  Time since last request: 1.403687 seconds.
  path: Assets/Standard Assets/Characters/FirstPersonCharacter
  artifactKey: Guid(943e057eaae705e43b9e9b2e53d6adb0) Importer(815301076,1909f56bfc062723c751e8b465ee728b)
Start importing Assets/Standard Assets/Characters/FirstPersonCharacter using Guid(943e057eaae705e43b9e9b2e53d6adb0) Importer(815301076,1909f56bfc062723c751e8b465ee728b)  -> (artifact id: 'b2b7eb4fa0423d8645802a2777f762ab') in 0.001905 seconds
  Import took 0.003884 seconds .

========================================================================
Received Import Request.
  Time since last request: 3.707205 seconds.
  path: Assets/Standard Assets/Characters/FirstPersonCharacter/Scripts
  artifactKey: Guid(314f49b24dc9d5d40956a7b28c67b237) Importer(815301076,1909f56bfc062723c751e8b465ee728b)
Start importing Assets/Standard Assets/Characters/FirstPersonCharacter/Scripts using Guid(314f49b24dc9d5d40956a7b28c67b237) Importer(815301076,1909f56bfc062723c751e8b465ee728b)  -> (artifact id: '24c0984db2bee425470d0dfa7eff1a40') in 0.001807 seconds
  Import took 0.005049 seconds .

========================================================================
Received Import Request.
  Time since last request: 0.890169 seconds.
  path: Assets/Standard Assets/Characters/FirstPersonCharacter/Prefabs
  artifactKey: Guid(0bfb2599080d5d24e84362b4ae314ae7) Importer(815301076,1909f56bfc062723c751e8b465ee728b)
Start importing Assets/Standard Assets/Characters/FirstPersonCharacter/Prefabs using Guid(0bfb2599080d5d24e84362b4ae314ae7) Importer(815301076,1909f56bfc062723c751e8b465ee728b)  -> (artifact id: '5d2d099724ca10287237c1681e9509d1') in 0.076463 seconds
  Import took 0.078515 seconds .

========================================================================
Received Import Request.
  Time since last request: 1.072437 seconds.
  path: Assets/Standard Assets/Characters/FirstPersonCharacter/Prefabs/FPSController.prefab
  artifactKey: Guid(5e9e851c0e142814dac026a256ba2ac0) Importer(815301076,1909f56bfc062723c751e8b465ee728b)
Start importing Assets/Standard Assets/Characters/FirstPersonCharacter/Prefabs/FPSController.prefab using Guid(5e9e851c0e142814dac026a256ba2ac0) Importer(815301076,1909f56bfc062723c751e8b465ee728b)  -> (artifact id: 'db26f88bc3cd15ce06d7deba8c8fdcd2') in 0.027213 seconds
  Import took 0.029430 seconds .

========================================================================
Received Import Request.
  Time since last request: 0.000265 seconds.
  path: Assets/Standard Assets/Characters/FirstPersonCharacter/Prefabs/RigidBodyFPSController.prefab
  artifactKey: Guid(c6453f8e1f814744d8b94e5a6d1f9942) Importer(815301076,1909f56bfc062723c751e8b465ee728b)
Start importing Assets/Standard Assets/Characters/FirstPersonCharacter/Prefabs/RigidBodyFPSController.prefab using Guid(c6453f8e1f814744d8b94e5a6d1f9942) Importer(815301076,1909f56bfc062723c751e8b465ee728b)  -> (artifact id: '660ab9719035ca59675d5bac84a85ba6') in 0.004340 seconds
  Import took 0.006186 seconds .

========================================================================
Received Prepare
Registering precompiled user dll's ...
Registered in 0.000638 seconds.
Begin MonoManager ReloadAssembly
Native extension for WindowsStandalone target not found
Native extension for OSXStandalone target not found
Refreshing native plugins compatible for Editor in 0.26 ms, found 0 plugins.
Preloading 0 native plugins for Editor in 0.00 ms.
Invoked RoslynAnalysisRunner static constructor.
RoslynAnalysisRunner will not be running.
RoslynAnalysisRunner has terminated.
Mono: successfully reloaded assembly
- Completed reload, in  0.738 seconds
Platform modules already initialized, skipping
Refreshing native plugins compatible for Editor in 0.27 ms, found 0 plugins.
Preloading 0 native plugins for Editor in 0.00 ms.
Unloading 1181 Unused Serialized files (Serialized files now loaded: 0)
System memory in use before: 71.4 MB.
System memory in use after: 71.2 MB.

Unloading 5 unused Assets to reduce memory usage. Loaded Objects now: 1708.
Total: 1.783600 ms (FindLiveObjects: 0.164600 ms CreateObjectMapping: 0.040600 ms MarkObjects: 1.279200 ms  DeleteObjects: 0.296800 ms)

========================================================================
Received Prepare
Registering precompiled user dll's ...
Registered in 0.000611 seconds.
Begin MonoManager ReloadAssembly
Native extension for WindowsStandalone target not found
Native extension for OSXStandalone target not found
Refreshing native plugins compatible for Editor in 0.24 ms, found 0 plugins.
Preloading 0 native plugins for Editor in 0.00 ms.
Invoked RoslynAnalysisRunner static constructor.
RoslynAnalysisRunner will not be running.
RoslynAnalysisRunner has terminated.
Mono: successfully reloaded assembly
- Completed reload, in  0.694 seconds
Platform modules already initialized, skipping
Refreshing native plugins compatible for Editor in 0.28 ms, found 0 plugins.
Preloading 0 native plugins for Editor in 0.00 ms.
Unloading 1181 Unused Serialized files (Serialized files now loaded: 0)
System memory in use before: 70.9 MB.
System memory in use after: 70.7 MB.

Unloading 5 unused Assets to reduce memory usage. Loaded Objects now: 1710.
Total: 2.231900 ms (FindLiveObjects: 0.161600 ms CreateObjectMapping: 0.034600 ms MarkObjects: 1.682500 ms  DeleteObjects: 0.351800 ms)

========================================================================
Received Prepare
Registering precompiled user dll's ...
Registered in 0.001146 seconds.
Begin MonoManager ReloadAssembly
Native extension for WindowsStandalone target not found
Native extension for OSXStandalone target not found
Refreshing native plugins compatible for Editor in 0.24 ms, found 0 plugins.
Preloading 0 native plugins for Editor in 0.00 ms.
Invoked RoslynAnalysisRunner static constructor.
RoslynAnalysisRunner will not be running.
RoslynAnalysisRunner has terminated.
Mono: successfully reloaded assembly
- Completed reload, in  0.699 seconds
Platform modules already initialized, skipping
Refreshing native plugins compatible for Editor in 0.28 ms, found 0 plugins.
Preloading 0 native plugins for Editor in 0.00 ms.
Unloading 1181 Unused Serialized files (Serialized files now loaded: 0)
System memory in use before: 71.4 MB.
System memory in use after: 71.2 MB.

Unloading 5 unused Assets to reduce memory usage. Loaded Objects now: 1712.
Total: 1.806100 ms (FindLiveObjects: 0.127000 ms CreateObjectMapping: 0.033300 ms MarkObjects: 1.335400 ms  DeleteObjects: 0.309500 ms)

========================================================================
Received Prepare
Registering precompiled user dll's ...
Registered in 0.000614 seconds.
Begin MonoManager ReloadAssembly
Native extension for WindowsStandalone target not found
Native extension for OSXStandalone target not found
Refreshing native plugins compatible for Editor in 0.24 ms, found 0 plugins.
Preloading 0 native plugins for Editor in 0.00 ms.
Invoked RoslynAnalysisRunner static constructor.
RoslynAnalysisRunner will not be running.
RoslynAnalysisRunner has terminated.
Mono: successfully reloaded assembly
- Completed reload, in  0.689 seconds
Platform modules already initialized, skipping
Refreshing native plugins compatible for Editor in 0.26 ms, found 0 plugins.
Preloading 0 native plugins for Editor in 0.00 ms.
Unloading 1181 Unused Serialized files (Serialized files now loaded: 0)
System memory in use before: 70.9 MB.
System memory in use after: 70.7 MB.

Unloading 5 unused Assets to reduce memory usage. Loaded Objects now: 1714.
Total: 1.802100 ms (FindLiveObjects: 0.148200 ms CreateObjectMapping: 0.040200 ms MarkObjects: 1.324400 ms  DeleteObjects: 0.288100 ms)

========================================================================
Received Prepare
Script is not up to date after domain reload: guid(af7ddc1731cec8248948690ed9af63df) path("Assets/ballCollision1.cs") state(2)
Registering precompiled user dll's ...
Registered in 0.000691 seconds.
Begin MonoManager ReloadAssembly
Native extension for WindowsStandalone target not found
Native extension for OSXStandalone target not found
Refreshing native plugins compatible for Editor in 0.25 ms, found 0 plugins.
Preloading 0 native plugins for Editor in 0.00 ms.
Invoked RoslynAnalysisRunner static constructor.
RoslynAnalysisRunner will not be running.
RoslynAnalysisRunner has terminated.
Mono: successfully reloaded assembly
- Completed reload, in  0.788 seconds
Platform modules already initialized, skipping
Script is not up to date after domain reload: guid(af7ddc1731cec8248948690ed9af63df) path("Assets/ballCollision1.cs") state(2)
Refreshing native plugins compatible for Editor in 0.26 ms, found 0 plugins.
Preloading 0 native plugins for Editor in 0.00 ms.
Unloading 1181 Unused Serialized files (Serialized files now loaded: 0)
System memory in use before: 71.4 MB.
System memory in use after: 71.2 MB.

Unloading 5 unused Assets to reduce memory usage. Loaded Objects now: 1716.
Total: 1.961100 ms (FindLiveObjects: 0.147500 ms CreateObjectMapping: 0.038700 ms MarkObjects: 1.378000 ms  DeleteObjects: 0.395800 ms)

========================================================================
Received Prepare
Registering precompiled user dll's ...
Registered in 0.000973 seconds.
Begin MonoManager ReloadAssembly
Native extension for WindowsStandalone target not found
Native extension for OSXStandalone target not found
Refreshing native plugins compatible for Editor in 0.24 ms, found 0 plugins.
Preloading 0 native plugins for Editor in 0.00 ms.
Invoked RoslynAnalysisRunner static constructor.
RoslynAnalysisRunner will not be running.
RoslynAnalysisRunner has terminated.
Mono: successfully reloaded assembly
- Completed reload, in  0.713 seconds
Platform modules already initialized, skipping
Refreshing native plugins compatible for Editor in 0.28 ms, found 0 plugins.
Preloading 0 native plugins for Editor in 0.00 ms.
Unloading 1182 Unused Serialized files (Serialized files now loaded: 0)
System memory in use before: 71.0 MB.
System memory in use after: 70.8 MB.

Unloading 5 unused Assets to reduce memory usage. Loaded Objects now: 1719.
Total: 1.984400 ms (FindLiveObjects: 0.150300 ms CreateObjectMapping: 0.032200 ms MarkObjects: 1.502100 ms  DeleteObjects: 0.298600 ms)

========================================================================
Received Import Request.
  Time since last request: 1155.746634 seconds.
  path: ProjectSettings/TagManager.asset
  artifactKey: Guid(00000000000000003000000000000000) Importer(815301076,1909f56bfc062723c751e8b465ee728b)
Start importing ProjectSettings/TagManager.asset using Guid(00000000000000003000000000000000) Importer(815301076,1909f56bfc062723c751e8b465ee728b)  -> (artifact id: '8988b340c206bb1d98ca0d47b0266d3b') in 0.012019 seconds
  Import took 0.014588 seconds .

========================================================================
Received Prepare
Registering precompiled user dll's ...
Registered in 0.000871 seconds.
Begin MonoManager ReloadAssembly
Native extension for WindowsStandalone target not found
Native extension for OSXStandalone target not found
Refreshing native plugins compatible for Editor in 0.24 ms, found 0 plugins.
Preloading 0 native plugins for Editor in 0.00 ms.
Invoked RoslynAnalysisRunner static constructor.
RoslynAnalysisRunner will not be running.
RoslynAnalysisRunner has terminated.
Mono: successfully reloaded assembly
- Completed reload, in  0.681 seconds
Platform modules already initialized, skipping
Refreshing native plugins compatible for Editor in 0.34 ms, found 0 plugins.
Preloading 0 native plugins for Editor in 0.00 ms.
Unloading 1182 Unused Serialized files (Serialized files now loaded: 0)
System memory in use before: 71.4 MB.
System memory in use after: 71.2 MB.

Unloading 6 unused Assets to reduce memory usage. Loaded Objects now: 1721.
Total: 2.096100 ms (FindLiveObjects: 0.169100 ms CreateObjectMapping: 0.037900 ms MarkObjects: 1.516200 ms  DeleteObjects: 0.371800 ms)

========================================================================
Received Prepare
Registering precompiled user dll's ...
Registered in 0.000605 seconds.
Begin MonoManager ReloadAssembly
Native extension for WindowsStandalone target not found
Native extension for OSXStandalone target not found
Refreshing native plugins compatible for Editor in 0.26 ms, found 0 plugins.
Preloading 0 native plugins for Editor in 0.00 ms.
Invoked RoslynAnalysisRunner static constructor.
RoslynAnalysisRunner will not be running.
RoslynAnalysisRunner has terminated.
Mono: successfully reloaded assembly
- Completed reload, in  0.688 seconds
Platform modules already initialized, skipping
Refreshing native plugins compatible for Editor in 0.39 ms, found 0 plugins.
Preloading 0 native plugins for Editor in 0.00 ms.
Unloading 1182 Unused Serialized files (Serialized files now loaded: 0)
System memory in use before: 71.0 MB.
System memory in use after: 70.8 MB.

Unloading 5 unused Assets to reduce memory usage. Loaded Objects now: 1723.
Total: 1.864200 ms (FindLiveObjects: 0.185400 ms CreateObjectMapping: 0.057000 ms MarkObjects: 1.301000 ms  DeleteObjects: 0.319700 ms)

========================================================================
Received Prepare
Registering precompiled user dll's ...
Registered in 0.000616 seconds.
Begin MonoManager ReloadAssembly
Native extension for WindowsStandalone target not found
Native extension for OSXStandalone target not found
Refreshing native plugins compatible for Editor in 0.26 ms, found 0 plugins.
Preloading 0 native plugins for Editor in 0.00 ms.
Invoked RoslynAnalysisRunner static constructor.
RoslynAnalysisRunner will not be running.
RoslynAnalysisRunner has terminated.
Mono: successfully reloaded assembly
- Completed reload, in  0.724 seconds
Platform modules already initialized, skipping
Refreshing native plugins compatible for Editor in 0.28 ms, found 0 plugins.
Preloading 0 native plugins for Editor in 0.00 ms.
Unloading 1182 Unused Serialized files (Serialized files now loaded: 0)
System memory in use before: 71.4 MB.
System memory in use after: 71.2 MB.

Unloading 5 unused Assets to reduce memory usage. Loaded Objects now: 1725.
Total: 2.204300 ms (FindLiveObjects: 0.135300 ms CreateObjectMapping: 0.034400 ms MarkObjects: 1.746000 ms  DeleteObjects: 0.287300 ms)

========================================================================
Received Prepare
Registering precompiled user dll's ...
Registered in 0.000735 seconds.
Begin MonoManager ReloadAssembly
Native extension for WindowsStandalone target not found
Native extension for OSXStandalone target not found
Refreshing native plugins compatible for Editor in 0.24 ms, found 0 plugins.
Preloading 0 native plugins for Editor in 0.00 ms.
Invoked RoslynAnalysisRunner static constructor.
RoslynAnalysisRunner will not be running.
RoslynAnalysisRunner has terminated.
Mono: successfully reloaded assembly
- Completed reload, in  0.690 seconds
Platform modules already initialized, skipping
Refreshing native plugins compatible for Editor in 0.24 ms, found 0 plugins.
Preloading 0 native plugins for Editor in 0.00 ms.
Unloading 1182 Unused Serialized files (Serialized files now loaded: 0)
System memory in use before: 71.0 MB.
System memory in use after: 70.8 MB.

Unloading 5 unused Assets to reduce memory usage. Loaded Objects now: 1727.
Total: 2.092600 ms (FindLiveObjects: 0.202400 ms CreateObjectMapping: 0.073700 ms MarkObjects: 1.493900 ms  DeleteObjects: 0.321400 ms)

========================================================================
Received Import Request.
  Time since last request: 556.954794 seconds.
  path: Assets/Sphere (1).prefab
  artifactKey: Guid(0b8671ff24c22e647aff9660476364a7) Importer(815301076,1909f56bfc062723c751e8b465ee728b)
Start importing Assets/Sphere (1).prefab using Guid(0b8671ff24c22e647aff9660476364a7) Importer(815301076,1909f56bfc062723c751e8b465ee728b)  -> (artifact id: '6153a2c51c302c0effe4cfe55c02c59a') in 0.044275 seconds
  Import took 0.046246 seconds .

========================================================================
Received Prepare
Registering precompiled user dll's ...
Registered in 0.000605 seconds.
Begin MonoManager ReloadAssembly
Native extension for WindowsStandalone target not found
Native extension for OSXStandalone target not found
Refreshing native plugins compatible for Editor in 0.26 ms, found 0 plugins.
Preloading 0 native plugins for Editor in 0.00 ms.
Invoked RoslynAnalysisRunner static constructor.
RoslynAnalysisRunner will not be running.
RoslynAnalysisRunner has terminated.
Mono: successfully reloaded assembly
- Completed reload, in  0.727 seconds
Platform modules already initialized, skipping
Refreshing native plugins compatible for Editor in 0.25 ms, found 0 plugins.
Preloading 0 native plugins for Editor in 0.00 ms.
Unloading 1182 Unused Serialized files (Serialized files now loaded: 0)
System memory in use before: 71.5 MB.
System memory in use after: 71.3 MB.

Unloading 6 unused Assets to reduce memory usage. Loaded Objects now: 1731.
Total: 1.936900 ms (FindLiveObjects: 0.133400 ms CreateObjectMapping: 0.035900 ms MarkObjects: 1.463100 ms  DeleteObjects: 0.303600 ms)

========================================================================
Received Import Request.
  Time since last request: 1241.470038 seconds.
  path: Assets/Ice.physicMaterial
  artifactKey: Guid(42d492683b5959e4a8f899ebd3c31c95) Importer(815301076,1909f56bfc062723c751e8b465ee728b)
Start importing Assets/Ice.physicMaterial using Guid(42d492683b5959e4a8f899ebd3c31c95) Importer(815301076,1909f56bfc062723c751e8b465ee728b)  -> (artifact id: '5ee45839fc608a76aaf7302776e74a7f') in 0.015104 seconds
  Import took 0.017786 seconds .

========================================================================
Received Import Request.
  Time since last request: 13.012509 seconds.
  path: Assets/Bouncy.physicMaterial
  artifactKey: Guid(9ee4afdd7d1bfed45814527fdd03da3a) Importer(815301076,1909f56bfc062723c751e8b465ee728b)
Start importing Assets/Bouncy.physicMaterial using Guid(9ee4afdd7d1bfed45814527fdd03da3a) Importer(815301076,1909f56bfc062723c751e8b465ee728b)  -> (artifact id: '98baa43d12f9280a5d517db9a720f46c') in 0.002954 seconds
  Import took 0.005948 seconds .

========================================================================
Received Import Request.
  Time since last request: 0.006876 seconds.
  path: Assets/Bouncy.physicMaterial
  artifactKey: Guid(9ee4afdd7d1bfed45814527fdd03da3a) Importer(815301076,1909f56bfc062723c751e8b465ee728b)
Start importing Assets/Bouncy.physicMaterial using Guid(9ee4afdd7d1bfed45814527fdd03da3a) Importer(815301076,1909f56bfc062723c751e8b465ee728b)  -> (artifact id: '98baa43d12f9280a5d517db9a720f46c') in 0.002834 seconds
  Import took 0.005926 seconds .

========================================================================
Received Prepare
Registering precompiled user dll's ...
Registered in 0.000583 seconds.
Begin MonoManager ReloadAssembly
Native extension for WindowsStandalone target not found
Native extension for OSXStandalone target not found
Refreshing native plugins compatible for Editor in 0.24 ms, found 0 plugins.
Preloading 0 native plugins for Editor in 0.00 ms.
Invoked RoslynAnalysisRunner static constructor.
RoslynAnalysisRunner will not be running.
RoslynAnalysisRunner has terminated.
Mono: successfully reloaded assembly
- Completed reload, in  0.740 seconds
Platform modules already initialized, skipping
Refreshing native plugins compatible for Editor in 0.24 ms, found 0 plugins.
Preloading 0 native plugins for Editor in 0.00 ms.
Unloading 1182 Unused Serialized files (Serialized files now loaded: 0)
System memory in use before: 71.1 MB.
System memory in use after: 70.8 MB.

Unloading 5 unused Assets to reduce memory usage. Loaded Objects now: 1733.
Total: 2.039700 ms (FindLiveObjects: 0.153100 ms CreateObjectMapping: 0.039100 ms MarkObjects: 1.551600 ms  DeleteObjects: 0.294400 ms)

========================================================================
Received Prepare
Registering precompiled user dll's ...
Registered in 0.000639 seconds.
Begin MonoManager ReloadAssembly
Native extension for WindowsStandalone target not found
Native extension for OSXStandalone target not found
Refreshing native plugins compatible for Editor in 0.29 ms, found 0 plugins.
Preloading 0 native plugins for Editor in 0.00 ms.
Invoked RoslynAnalysisRunner static constructor.
RoslynAnalysisRunner will not be running.
RoslynAnalysisRunner has terminated.
Mono: successfully reloaded assembly
- Completed reload, in  0.712 seconds
Platform modules already initialized, skipping
Refreshing native plugins compatible for Editor in 0.24 ms, found 0 plugins.
Preloading 0 native plugins for Editor in 0.00 ms.
Unloading 1182 Unused Serialized files (Serialized files now loaded: 0)
System memory in use before: 71.5 MB.
System memory in use after: 71.3 MB.

Unloading 5 unused Assets to reduce memory usage. Loaded Objects now: 1735.
Total: 2.045300 ms (FindLiveObjects: 0.150700 ms CreateObjectMapping: 0.031900 ms MarkObjects: 1.482800 ms  DeleteObjects: 0.378800 ms)

========================================================================
Received Import Request.
  Time since last request: 1756.949579 seconds.
  path: Assets/Bouncy.physicMaterial
  artifactKey: Guid(9ee4afdd7d1bfed45814527fdd03da3a) Importer(815301076,1909f56bfc062723c751e8b465ee728b)
Start importing Assets/Bouncy.physicMaterial using Guid(9ee4afdd7d1bfed45814527fdd03da3a) Importer(815301076,1909f56bfc062723c751e8b465ee728b)  -> (artifact id: 'ab0a196e08ff46bd06411c0e3008392a') in 0.016427 seconds
  Import took 0.022107 seconds .

========================================================================
Received Import Request.
  Time since last request: 0.000281 seconds.
  path: Assets/Ice.physicMaterial
  artifactKey: Guid(42d492683b5959e4a8f899ebd3c31c95) Importer(815301076,1909f56bfc062723c751e8b465ee728b)
Start importing Assets/Ice.physicMaterial using Guid(42d492683b5959e4a8f899ebd3c31c95) Importer(815301076,1909f56bfc062723c751e8b465ee728b)  -> (artifact id: '2dd6232dfc40454e22c11b942dcdd9b4') in 0.001920 seconds
  Import took 0.003948 seconds .

========================================================================
Received Import Request.
  Time since last request: 1534.507108 seconds.
  path: Assets/NewBehaviourScript.cs
  artifactKey: Guid(08efe15d8264eb949bdd689110835e2e) Importer(815301076,1909f56bfc062723c751e8b465ee728b)
Start importing Assets/NewBehaviourScript.cs using Guid(08efe15d8264eb949bdd689110835e2e) Importer(815301076,1909f56bfc062723c751e8b465ee728b)  -> (artifact id: '9848b46a4a56ae08750f718668641985') in 0.002661 seconds
  Import took 0.008163 seconds .

========================================================================
Received Prepare
Registering precompiled user dll's ...
Registered in 0.000607 seconds.
Begin MonoManager ReloadAssembly
Native extension for WindowsStandalone target not found
Native extension for OSXStandalone target not found
Refreshing native plugins compatible for Editor in 0.24 ms, found 0 plugins.
Preloading 0 native plugins for Editor in 0.00 ms.
Invoked RoslynAnalysisRunner static constructor.
RoslynAnalysisRunner will not be running.
RoslynAnalysisRunner has terminated.
Mono: successfully reloaded assembly
- Completed reload, in  0.712 seconds
Platform modules already initialized, skipping
Refreshing native plugins compatible for Editor in 0.24 ms, found 0 plugins.
Preloading 0 native plugins for Editor in 0.00 ms.
Unloading 1183 Unused Serialized files (Serialized files now loaded: 0)
System memory in use before: 71.1 MB.
System memory in use after: 70.9 MB.

Unloading 5 unused Assets to reduce memory usage. Loaded Objects now: 1738.
Total: 2.001700 ms (FindLiveObjects: 0.152900 ms CreateObjectMapping: 0.035200 ms MarkObjects: 1.497100 ms  DeleteObjects: 0.315600 ms)

========================================================================
Received Import Request.
  Time since last request: 11.193060 seconds.
  path: Assets/Raycast.cs
  artifactKey: Guid(08efe15d8264eb949bdd689110835e2e) Importer(815301076,1909f56bfc062723c751e8b465ee728b)
Start importing Assets/Raycast.cs using Guid(08efe15d8264eb949bdd689110835e2e) Importer(815301076,1909f56bfc062723c751e8b465ee728b)  -> (artifact id: '684145d68e43092b29d6544ed1a8a1d8') in 0.008780 seconds
  Import took 0.011264 seconds .

========================================================================
Received Import Request.
  Time since last request: 0.002059 seconds.
  path: Assets/Raycast.cs
  artifactKey: Guid(08efe15d8264eb949bdd689110835e2e) Importer(815301076,1909f56bfc062723c751e8b465ee728b)
Start importing Assets/Raycast.cs using Guid(08efe15d8264eb949bdd689110835e2e) Importer(815301076,1909f56bfc062723c751e8b465ee728b)  -> (artifact id: '684145d68e43092b29d6544ed1a8a1d8') in 0.001987 seconds
  Import took 0.004912 seconds .

========================================================================
Received Prepare
Registering precompiled user dll's ...
Registered in 0.000872 seconds.
Begin MonoManager ReloadAssembly
Native extension for WindowsStandalone target not found
Native extension for OSXStandalone target not found
Refreshing native plugins compatible for Editor in 0.24 ms, found 0 plugins.
Preloading 0 native plugins for Editor in 0.00 ms.
Invoked RoslynAnalysisRunner static constructor.
RoslynAnalysisRunner will not be running.
RoslynAnalysisRunner has terminated.
Mono: successfully reloaded assembly
- Completed reload, in  0.799 seconds
Platform modules already initialized, skipping
Refreshing native plugins compatible for Editor in 0.25 ms, found 0 plugins.
Preloading 0 native plugins for Editor in 0.00 ms.
Unloading 1183 Unused Serialized files (Serialized files now loaded: 0)
System memory in use before: 71.5 MB.
System memory in use after: 71.3 MB.

Unloading 5 unused Assets to reduce memory usage. Loaded Objects now: 1740.
Total: 2.048200 ms (FindLiveObjects: 0.166300 ms CreateObjectMapping: 0.035100 ms MarkObjects: 1.445000 ms  DeleteObjects: 0.400200 ms)

========================================================================
Received Prepare
Registering precompiled user dll's ...
Registered in 0.000711 seconds.
Begin MonoManager ReloadAssembly
Native extension for WindowsStandalone target not found
Native extension for OSXStandalone target not found
Refreshing native plugins compatible for Editor in 0.26 ms, found 0 plugins.
Preloading 0 native plugins for Editor in 0.00 ms.
Invoked RoslynAnalysisRunner static constructor.
RoslynAnalysisRunner will not be running.
RoslynAnalysisRunner has terminated.
Mono: successfully reloaded assembly
- Completed reload, in  0.710 seconds
Platform modules already initialized, skipping
Refreshing native plugins compatible for Editor in 0.28 ms, found 0 plugins.
Preloading 0 native plugins for Editor in 0.00 ms.
Unloading 1183 Unused Serialized files (Serialized files now loaded: 0)
System memory in use before: 71.2 MB.
System memory in use after: 71.0 MB.

Unloading 5 unused Assets to reduce memory usage. Loaded Objects now: 1742.
Total: 1.855700 ms (FindLiveObjects: 0.157300 ms CreateObjectMapping: 0.039400 ms MarkObjects: 1.331900 ms  DeleteObjects: 0.326300 ms)

========================================================================
Received Import Request.
  Time since last request: 1032.207682 seconds.
  path: Assets/Raycast.cs
  artifactKey: Guid(08efe15d8264eb949bdd689110835e2e) Importer(815301076,1909f56bfc062723c751e8b465ee728b)
Start importing Assets/Raycast.cs using Guid(08efe15d8264eb949bdd689110835e2e) Importer(815301076,1909f56bfc062723c751e8b465ee728b)  -> (artifact id: '4d0fc4248ab5c9c46c9ad6f992eeae86') in 0.003172 seconds
  Import took 0.005064 seconds .

========================================================================
Received Prepare
Registering precompiled user dll's ...
Registered in 0.000969 seconds.
Begin MonoManager ReloadAssembly
Native extension for WindowsStandalone target not found
Native extension for OSXStandalone target not found
Refreshing native plugins compatible for Editor in 0.24 ms, found 0 plugins.
Preloading 0 native plugins for Editor in 0.00 ms.
Invoked RoslynAnalysisRunner static constructor.
RoslynAnalysisRunner will not be running.
RoslynAnalysisRunner has terminated.
Mono: successfully reloaded assembly
- Completed reload, in  0.707 seconds
Platform modules already initialized, skipping
Refreshing native plugins compatible for Editor in 0.24 ms, found 0 plugins.
Preloading 0 native plugins for Editor in 0.00 ms.
Unloading 1183 Unused Serialized files (Serialized files now loaded: 0)
System memory in use before: 71.6 MB.
System memory in use after: 71.4 MB.

Unloading 5 unused Assets to reduce memory usage. Loaded Objects now: 1744.
Total: 2.410900 ms (FindLiveObjects: 0.233000 ms CreateObjectMapping: 0.096500 ms MarkObjects: 1.767700 ms  DeleteObjects: 0.312800 ms)

========================================================================
Received Import Request.
  Time since last request: 364.699856 seconds.
  path: Assets/Raycast.cs
  artifactKey: Guid(08efe15d8264eb949bdd689110835e2e) Importer(815301076,1909f56bfc062723c751e8b465ee728b)
Start importing Assets/Raycast.cs using Guid(08efe15d8264eb949bdd689110835e2e) Importer(815301076,1909f56bfc062723c751e8b465ee728b)  -> (artifact id: '758d74b5bf4dd6b1b6b4cb3f73e55619') in 0.006334 seconds
  Import took 0.009077 seconds .

========================================================================
Received Prepare
Registering precompiled user dll's ...
Registered in 0.000661 seconds.
Begin MonoManager ReloadAssembly
Native extension for WindowsStandalone target not found
Native extension for OSXStandalone target not found
Refreshing native plugins compatible for Editor in 0.28 ms, found 0 plugins.
Preloading 0 native plugins for Editor in 0.00 ms.
Invoked RoslynAnalysisRunner static constructor.
RoslynAnalysisRunner will not be running.
RoslynAnalysisRunner has terminated.
Mono: successfully reloaded assembly
- Completed reload, in  0.737 seconds
Platform modules already initialized, skipping
Refreshing native plugins compatible for Editor in 0.24 ms, found 0 plugins.
Preloading 0 native plugins for Editor in 0.00 ms.
Unloading 1183 Unused Serialized files (Serialized files now loaded: 0)
System memory in use before: 71.2 MB.
System memory in use after: 71.0 MB.

Unloading 5 unused Assets to reduce memory usage. Loaded Objects now: 1746.
Total: 1.886700 ms (FindLiveObjects: 0.155400 ms CreateObjectMapping: 0.037100 ms MarkObjects: 1.392200 ms  DeleteObjects: 0.301000 ms)

========================================================================
Received Import Request.
  Time since last request: 86.632242 seconds.
  path: Assets/Raycast.cs
  artifactKey: Guid(08efe15d8264eb949bdd689110835e2e) Importer(815301076,1909f56bfc062723c751e8b465ee728b)
Start importing Assets/Raycast.cs using Guid(08efe15d8264eb949bdd689110835e2e) Importer(815301076,1909f56bfc062723c751e8b465ee728b)  -> (artifact id: '5b3c7164fa3523a647df858381cc5cba') in 0.003222 seconds
  Import took 0.005152 seconds .

========================================================================
Received Prepare
Registering precompiled user dll's ...
Registered in 0.000628 seconds.
Begin MonoManager ReloadAssembly
Native extension for WindowsStandalone target not found
Native extension for OSXStandalone target not found
Refreshing native plugins compatible for Editor in 0.40 ms, found 0 plugins.
Preloading 0 native plugins for Editor in 0.00 ms.
Invoked RoslynAnalysisRunner static constructor.
RoslynAnalysisRunner will not be running.
RoslynAnalysisRunner has terminated.
Mono: successfully reloaded assembly
- Completed reload, in  0.762 seconds
Platform modules already initialized, skipping
Refreshing native plugins compatible for Editor in 0.25 ms, found 0 plugins.
Preloading 0 native plugins for Editor in 0.00 ms.
Unloading 1183 Unused Serialized files (Serialized files now loaded: 0)
System memory in use before: 71.6 MB.
System memory in use after: 71.4 MB.

Unloading 5 unused Assets to reduce memory usage. Loaded Objects now: 1748.
Total: 2.064200 ms (FindLiveObjects: 0.167300 ms CreateObjectMapping: 0.041500 ms MarkObjects: 1.517000 ms  DeleteObjects: 0.337400 ms)

========================================================================
Received Import Request.
  Time since last request: 453.960579 seconds.
  path: Assets/Cylinder (1).prefab
  artifactKey: Guid(f64340115529bbc448a7bd9f2ba16b9e) Importer(815301076,1909f56bfc062723c751e8b465ee728b)
Start importing Assets/Cylinder (1).prefab using Guid(f64340115529bbc448a7bd9f2ba16b9e) Importer(815301076,1909f56bfc062723c751e8b465ee728b)  -> (artifact id: '187b149b1b15e86cb28b183a7e17f357') in 0.059139 seconds
  Import took 0.061890 seconds .

========================================================================
Received Import Request.
  Time since last request: 0.001056 seconds.
  path: Assets/Cylinder (1).prefab
  artifactKey: Guid(f64340115529bbc448a7bd9f2ba16b9e) Importer(815301076,1909f56bfc062723c751e8b465ee728b)
Start importing Assets/Cylinder (1).prefab using Guid(f64340115529bbc448a7bd9f2ba16b9e) Importer(815301076,1909f56bfc062723c751e8b465ee728b)  -> (artifact id: '187b149b1b15e86cb28b183a7e17f357') in 0.009104 seconds
  Import took 0.011870 seconds .

========================================================================
Received Import Request.
  Time since last request: 8.820729 seconds.
  path: Assets/Cylinder (1).prefab
  artifactKey: Guid(f64340115529bbc448a7bd9f2ba16b9e) Importer(815301076,1909f56bfc062723c751e8b465ee728b)
Start importing Assets/Cylinder (1).prefab using Guid(f64340115529bbc448a7bd9f2ba16b9e) Importer(815301076,1909f56bfc062723c751e8b465ee728b)  -> (artifact id: 'bffabf2d9c68d08753056f3c245bef43') in 0.006124 seconds
  Import took 0.008305 seconds .

========================================================================
Received Import Request.
  Time since last request: 43.781728 seconds.
  path: Assets/Cylinder (1).prefab
  artifactKey: Guid(f64340115529bbc448a7bd9f2ba16b9e) Importer(815301076,1909f56bfc062723c751e8b465ee728b)
Start importing Assets/Cylinder (1).prefab using Guid(f64340115529bbc448a7bd9f2ba16b9e) Importer(815301076,1909f56bfc062723c751e8b465ee728b)  -> (artifact id: '58906618a242a4a6a7903d832098bb7a') in 0.009842 seconds
  Import took 0.041085 seconds .

========================================================================
Received Import Request.
  Time since last request: 6.822539 seconds.
  path: Assets/Cylinder (1).prefab
  artifactKey: Guid(f64340115529bbc448a7bd9f2ba16b9e) Importer(815301076,1909f56bfc062723c751e8b465ee728b)
Start importing Assets/Cylinder (1).prefab using Guid(f64340115529bbc448a7bd9f2ba16b9e) Importer(815301076,1909f56bfc062723c751e8b465ee728b)  -> (artifact id: '54441132b73cca87c099b80fbda50956') in 0.007545 seconds
  Import took 0.009983 seconds .

========================================================================
Received Import Request.
  Time since last request: 5.443149 seconds.
  path: Assets/Cylinder (1).prefab
  artifactKey: Guid(f64340115529bbc448a7bd9f2ba16b9e) Importer(815301076,1909f56bfc062723c751e8b465ee728b)
Start importing Assets/Cylinder (1).prefab using Guid(f64340115529bbc448a7bd9f2ba16b9e) Importer(815301076,1909f56bfc062723c751e8b465ee728b)  -> (artifact id: 'be980217104d34f10d93e01fa3458ff9') in 0.006478 seconds
  Import took 0.008968 seconds .

========================================================================
Received Prepare
Registering precompiled user dll's ...
Registered in 0.000963 seconds.
Begin MonoManager ReloadAssembly
Native extension for WindowsStandalone target not found
Native extension for OSXStandalone target not found
Refreshing native plugins compatible for Editor in 0.25 ms, found 0 plugins.
Preloading 0 native plugins for Editor in 0.00 ms.
Invoked RoslynAnalysisRunner static constructor.
RoslynAnalysisRunner will not be running.
RoslynAnalysisRunner has terminated.
Mono: successfully reloaded assembly
- Completed reload, in  0.843 seconds
Platform modules already initialized, skipping
Refreshing native plugins compatible for Editor in 0.25 ms, found 0 plugins.
Preloading 0 native plugins for Editor in 0.00 ms.
Unloading 1183 Unused Serialized files (Serialized files now loaded: 0)
System memory in use before: 71.3 MB.
System memory in use after: 71.0 MB.

Unloading 6 unused Assets to reduce memory usage. Loaded Objects now: 1752.
Total: 1.994100 ms (FindLiveObjects: 0.151400 ms CreateObjectMapping: 0.037500 ms MarkObjects: 1.462400 ms  DeleteObjects: 0.341700 ms)

========================================================================
Received Prepare
Registering precompiled user dll's ...
Registered in 0.000587 seconds.
Begin MonoManager ReloadAssembly
Native extension for WindowsStandalone target not found
Native extension for OSXStandalone target not found
Refreshing native plugins compatible for Editor in 0.24 ms, found 0 plugins.
Preloading 0 native plugins for Editor in 0.00 ms.
Invoked RoslynAnalysisRunner static constructor.
RoslynAnalysisRunner will not be running.
RoslynAnalysisRunner has terminated.
Mono: successfully reloaded assembly
- Completed reload, in  0.700 seconds
Platform modules already initialized, skipping
Refreshing native plugins compatible for Editor in 0.24 ms, found 0 plugins.
Preloading 0 native plugins for Editor in 0.00 ms.
Unloading 1183 Unused Serialized files (Serialized files now loaded: 0)
System memory in use before: 71.7 MB.
System memory in use after: 71.4 MB.

Unloading 5 unused Assets to reduce memory usage. Loaded Objects now: 1754.
Total: 2.053900 ms (FindLiveObjects: 0.173900 ms CreateObjectMapping: 0.041700 ms MarkObjects: 1.423800 ms  DeleteObjects: 0.413300 ms)

========================================================================
Received Prepare
Registering precompiled user dll's ...
Registered in 0.003345 seconds.
Begin MonoManager ReloadAssembly
Native extension for WindowsStandalone target not found
Native extension for OSXStandalone target not found
Refreshing native plugins compatible for Editor in 0.31 ms, found 0 plugins.
Preloading 0 native plugins for Editor in 0.00 ms.
Warning: Annotation not found!
UnityEngine.StackTraceUtility:ExtractStackTrace ()
UnityEditor.ProBuilder.EditorUtility:SetGizmoIconEnabled (System.Type,bool) (at Library/PackageCache/com.unity.probuilder@4.4.0/Editor/EditorCore/EditorUtility.cs:593)
UnityEditor.ProBuilder.HierarchyListener:.cctor () (at Library/PackageCache/com.unity.probuilder@4.4.0/Editor/EditorCore/HierarchyListener.cs:21)
System.Runtime.CompilerServices.RuntimeHelpers:RunClassConstructor (System.RuntimeTypeHandle)
UnityEditor.EditorAssemblies:ProcessInitializeOnLoadAttributes (System.Type[])

[Library/PackageCache/com.unity.probuilder@4.4.0/Editor/EditorCore/EditorUtility.cs line 593]

Invoked RoslynAnalysisRunner static constructor.
RoslynAnalysisRunner will not be running.
RoslynAnalysisRunner has terminated.
Mono: successfully reloaded assembly
- Completed reload, in  0.861 seconds
Platform modules already initialized, skipping
Refreshing native plugins compatible for Editor in 0.31 ms, found 0 plugins.
Preloading 0 native plugins for Editor in 0.00 ms.
Unloading 1548 Unused Serialized files (Serialized files now loaded: 0)
System memory in use before: 86.6 MB.
System memory in use after: 84.6 MB.

Unloading 84 unused Assets to reduce memory usage. Loaded Objects now: 2094.
Total: 4.423300 ms (FindLiveObjects: 0.887900 ms CreateObjectMapping: 0.209000 ms MarkObjects: 1.835000 ms  DeleteObjects: 1.489700 ms)

